[    0.000000] Linux version 4.15.0-189-generic (buildd@lcy02-amd64-039) (gcc version 7.5.0 (Ubuntu 7.5.0-3ubuntu1~18.04)) #200-Ubuntu SMP Wed Jun 22 19:53:37 UTC 2022 (Ubuntu 4.15.0-189.200-generic 4.15.18)
[    0.000000] Command line: BOOT_IMAGE=/boot/vmlinuz-4.15.0-189-generic root=LABEL=cloudimg-rootfs ro console=tty1 console=ttyS0
[    0.000000] KERNEL supported cpus:
[    0.000000]   Intel GenuineIntel
[    0.000000]   AMD AuthenticAMD
[    0.000000]   Centaur CentaurHauls
[    0.000000] x86/fpu: Supporting XSAVE feature 0x001: 'x87 floating point registers'
[    0.000000] x86/fpu: Supporting XSAVE feature 0x002: 'SSE registers'
[    0.000000] x86/fpu: Supporting XSAVE feature 0x004: 'AVX registers'
[    0.000000] x86/fpu: xstate_offset[2]:  576, xstate_sizes[2]:  256
[    0.000000] x86/fpu: Enabled xstate features 0x7, context size is 832 bytes, using 'standard' format.
[    0.000000] e820: BIOS-provided physical RAM map:
[    0.000000] BIOS-e820: [mem 0x0000000000000000-0x000000000009fbff] usable
[    0.000000] BIOS-e820: [mem 0x000000000009fc00-0x000000000009ffff] reserved
[    0.000000] BIOS-e820: [mem 0x00000000000f0000-0x00000000000fffff] reserved
[    0.000000] BIOS-e820: [mem 0x0000000000100000-0x000000003ffeffff] usable
[    0.000000] BIOS-e820: [mem 0x000000003fff0000-0x000000003fffffff] ACPI data
[    0.000000] BIOS-e820: [mem 0x00000000fec00000-0x00000000fec00fff] reserved
[    0.000000] BIOS-e820: [mem 0x00000000fee00000-0x00000000fee00fff] reserved
[    0.000000] BIOS-e820: [mem 0x00000000fffc0000-0x00000000ffffffff] reserved
[    0.000000] NX (Execute Disable) protection: active
[    0.000000] SMBIOS 2.5 present.
[    0.000000] DMI: innotek GmbH VirtualBox/VirtualBox, BIOS VirtualBox 12/01/2006
[    0.000000] Hypervisor detected: KVM
[    0.000000] e820: last_pfn = 0x3fff0 max_arch_pfn = 0x400000000
[    0.000000] MTRR: Disabled
[    0.000000] x86/PAT: MTRRs disabled, skipping PAT initialization too.
[    0.000000] CPU MTRRs all blank - virtualized system.
[    0.000000] x86/PAT: Configuration [0-7]: WB  WT  UC- UC  WB  WT  UC- UC  
[    0.000000] found SMP MP-table at [mem 0x0009fff0-0x0009ffff]
[    0.000000] Scanning 1 areas for low memory corruption
[    0.000000] RAMDISK: [mem 0x359c9000-0x36cdbfff]
[    0.000000] ACPI: Early table checksum verification disabled
[    0.000000] ACPI: RSDP 0x00000000000E0000 000024 (v02 VBOX  )
[    0.000000] ACPI: XSDT 0x000000003FFF0030 00003C (v01 VBOX   VBOXXSDT 00000001 ASL  00000061)
[    0.000000] ACPI: FACP 0x000000003FFF00F0 0000F4 (v04 VBOX   VBOXFACP 00000001 ASL  00000061)
[    0.000000] ACPI: DSDT 0x000000003FFF0610 002353 (v02 VBOX   VBOXBIOS 00000002 INTL 20200528)
[    0.000000] ACPI: FACS 0x000000003FFF0200 000040
[    0.000000] ACPI: FACS 0x000000003FFF0200 000040
[    0.000000] ACPI: APIC 0x000000003FFF0240 00005C (v02 VBOX   VBOXAPIC 00000001 ASL  00000061)
[    0.000000] ACPI: SSDT 0x000000003FFF02A0 00036C (v01 VBOX   VBOXCPUT 00000002 INTL 20200528)
[    0.000000] ACPI: Reserving FACP table memory at [mem 0x3fff00f0-0x3fff01e3]
[    0.000000] ACPI: Reserving DSDT table memory at [mem 0x3fff0610-0x3fff2962]
[    0.000000] ACPI: Reserving FACS table memory at [mem 0x3fff0200-0x3fff023f]
[    0.000000] ACPI: Reserving FACS table memory at [mem 0x3fff0200-0x3fff023f]
[    0.000000] ACPI: Reserving APIC table memory at [mem 0x3fff0240-0x3fff029b]
[    0.000000] ACPI: Reserving SSDT table memory at [mem 0x3fff02a0-0x3fff060b]
[    0.000000] No NUMA configuration found
[    0.000000] Faking a node at [mem 0x0000000000000000-0x000000003ffeffff]
[    0.000000] NODE_DATA(0) allocated [mem 0x3ffc5000-0x3ffeffff]
[    0.000000] kvm-clock: cpu 0, msr 0:3ff44001, primary cpu clock
[    0.000000] kvm-clock: Using msrs 4b564d01 and 4b564d00
[    0.000000] kvm-clock: using sched offset of 4198118433 cycles
[    0.000000] clocksource: kvm-clock: mask: 0xffffffffffffffff max_cycles: 0x1cd42e4dffb, max_idle_ns: 881590591483 ns
[    0.000000] Zone ranges:
[    0.000000]   DMA      [mem 0x0000000000001000-0x0000000000ffffff]
[    0.000000]   DMA32    [mem 0x0000000001000000-0x000000003ffeffff]
[    0.000000]   Normal   empty
[    0.000000]   Device   empty
[    0.000000] Movable zone start for each node
[    0.000000] Early memory node ranges
[    0.000000]   node   0: [mem 0x0000000000001000-0x000000000009efff]
[    0.000000]   node   0: [mem 0x0000000000100000-0x000000003ffeffff]
[    0.000000] Reserved but unavailable: 104 pages
[    0.000000] Initmem setup node 0 [mem 0x0000000000001000-0x000000003ffeffff]
[    0.000000] ACPI: PM-Timer IO Port: 0x4008
[    0.000000] IOAPIC[0]: apic_id 2, version 32, address 0xfec00000, GSI 0-23
[    0.000000] ACPI: INT_SRC_OVR (bus 0 bus_irq 0 global_irq 2 dfl dfl)
[    0.000000] ACPI: INT_SRC_OVR (bus 0 bus_irq 9 global_irq 9 low level)
[    0.000000] Using ACPI (MADT) for SMP configuration information
[    0.000000] smpboot: Allowing 2 CPUs, 0 hotplug CPUs
[    0.000000] PM: Registered nosave memory: [mem 0x00000000-0x00000fff]
[    0.000000] PM: Registered nosave memory: [mem 0x0009f000-0x0009ffff]
[    0.000000] PM: Registered nosave memory: [mem 0x000a0000-0x000effff]
[    0.000000] PM: Registered nosave memory: [mem 0x000f0000-0x000fffff]
[    0.000000] e820: [mem 0x40000000-0xfebfffff] available for PCI devices
[    0.000000] Booting paravirtualized kernel on KVM
[    0.000000] clocksource: refined-jiffies: mask: 0xffffffff max_cycles: 0xffffffff, max_idle_ns: 7645519600211568 ns
[    0.000000] random: get_random_bytes called from start_kernel+0x99/0x500 with crng_init=0
[    0.000000] setup_percpu: NR_CPUS:8192 nr_cpumask_bits:2 nr_cpu_ids:2 nr_node_ids:1
[    0.000000] percpu: Embedded 50 pages/cpu s167936 r8192 d28672 u1048576
[    0.000000] PV qspinlock hash table entries: 256 (order: 0, 4096 bytes)
[    0.000000] Built 1 zonelists, mobility grouping on.  Total pages: 257913
[    0.000000] Policy zone: DMA32
[    0.000000] Kernel command line: BOOT_IMAGE=/boot/vmlinuz-4.15.0-189-generic root=LABEL=cloudimg-rootfs ro console=tty1 console=ttyS0
[    0.000000] Memory: 982644K/1048120K available (12300K kernel code, 2484K rwdata, 4324K rodata, 2468K init, 2724K bss, 65476K reserved, 0K cma-reserved)
[    0.000000] SLUB: HWalign=64, Order=0-3, MinObjects=0, CPUs=2, Nodes=1
[    0.000000] Kernel/User page tables isolation: enabled
[    0.000000] ftrace: allocating 39515 entries in 155 pages
[    0.004000] Hierarchical RCU implementation.
[    0.004000] 	RCU restricting CPUs from NR_CPUS=8192 to nr_cpu_ids=2.
[    0.004000] 	Tasks RCU enabled.
[    0.004000] RCU: Adjusting geometry for rcu_fanout_leaf=16, nr_cpu_ids=2
[    0.004000] NR_IRQS: 524544, nr_irqs: 440, preallocated irqs: 16
[    0.004000] Console: colour VGA+ 80x25
[    0.004000] console [tty1] enabled
[    0.004000] console [ttyS0] enabled
[    0.004000] ACPI: Core revision 20170831
[    0.004000] ACPI: 2 ACPI AML tables successfully acquired and loaded
[    0.004000] APIC: Switch to symmetric I/O mode setup
[    0.005942] x2apic enabled
[    0.008023] Switched APIC routing to physical x2apic.
[    0.016000] ..TIMER: vector=0x30 apic1=0 pin1=2 apic2=-1 pin2=-1
[    0.016006] tsc: Detected 2302.542 MHz processor
[    0.020014] Calibrating delay loop (skipped) preset value.. 4605.08 BogoMIPS (lpj=9210168)
[    0.024004] pid_max: default: 32768 minimum: 301
[    0.028070] Security Framework initialized
[    0.032004] Yama: becoming mindful.
[    0.036063] AppArmor: AppArmor initialized
[    0.042001] Dentry cache hash table entries: 131072 (order: 8, 1048576 bytes)
[    0.045062] Inode-cache hash table entries: 65536 (order: 7, 524288 bytes)
[    0.048069] Mount-cache hash table entries: 2048 (order: 2, 16384 bytes)
[    0.052049] Mountpoint-cache hash table entries: 2048 (order: 2, 16384 bytes)
[    0.057722] Last level iTLB entries: 4KB 64, 2MB 8, 4MB 8
[    0.060009] Last level dTLB entries: 4KB 64, 2MB 0, 4MB 0, 1GB 4
[    0.064026] Spectre V1 : Mitigation: usercopy/swapgs barriers and __user pointer sanitization
[    0.068011] Spectre V2 : Mitigation: Retpolines
[    0.072006] Spectre V2 : Spectre v2 / SpectreRSB mitigation: Filling RSB on context switch
[    0.076009] Speculative Store Bypass: Vulnerable
[    0.080361] MDS: Mitigation: Clear CPU buffers
[    0.084006] MMIO Stale Data: Mitigation: Clear CPU buffers
[    0.088030] SRBDS: Unknown: Dependent on hypervisor status
[    0.093042] Freeing SMP alternatives memory: 36K
[    0.217037] APIC calibration not consistent with PM-Timer: 101ms instead of 100ms
[    0.220000] APIC delta adjusted to PM-Timer: 6244702 (6317311)
[    0.222200] smpboot: CPU0: Intel(R) Core(TM) i5-7360U CPU @ 2.30GHz (family: 0x6, model: 0x8e, stepping: 0x9)
[    0.224359] Performance Events: unsupported p6 CPU model 142 no PMU driver, software events only.
[    0.228108] Hierarchical SRCU implementation.
[    0.232832] NMI watchdog: Perf event create on CPU 0 failed with -2
[    0.236003] NMI watchdog: Perf NMI watchdog permanently disabled
[    0.240212] smp: Bringing up secondary CPUs ...
[    0.244529] x86: Booting SMP configuration:
[    0.248004] .... node  #0, CPUs:      #1
[    0.004000] kvm-clock: cpu 1, msr 0:3ff44041, secondary cpu clock
[    0.260147] smp: Brought up 1 node, 2 CPUs
[    0.264007] smpboot: Max logical packages: 1
[    0.267539] smpboot: Total of 2 processors activated (9210.16 BogoMIPS)
[    0.272299] devtmpfs: initialized
[    0.274943] x86/mm: Memory block size: 128MB
[    0.276299] evm: security.selinux
[    0.280003] evm: security.SMACK64
[    0.284003] evm: security.SMACK64EXEC
[    0.287098] evm: security.SMACK64TRANSMUTE
[    0.291753] evm: security.SMACK64MMAP
[    0.292003] evm: security.apparmor
[    0.296003] evm: security.ima
[    0.298578] evm: security.capability
[    0.300228] clocksource: jiffies: mask: 0xffffffff max_cycles: 0xffffffff, max_idle_ns: 7645041785100000 ns
[    0.304043] futex hash table entries: 512 (order: 3, 32768 bytes)
[    0.308135] pinctrl core: initialized pinctrl subsystem
[    0.312485] RTC time:  0:37:23, date: 01/04/23
[    0.320100] NET: Registered protocol family 16
[    0.324000] audit: initializing netlink subsys (disabled)
[    0.324117] audit: type=2000 audit(1672792648.401:1): state=initialized audit_enabled=0 res=1
[    0.328021] cpuidle: using governor ladder
[    0.332011] cpuidle: using governor menu
[    0.336062] ACPI: bus type PCI registered
[    0.339397] acpiphp: ACPI Hot Plug PCI Controller Driver version: 0.5
[    0.340499] PCI: Using configuration type 1 for base access
[    0.348057] HugeTLB registered 2.00 MiB page size, pre-allocated 0 pages
[    0.356217] ACPI: Added _OSI(Module Device)
[    0.360007] ACPI: Added _OSI(Processor Device)
[    0.364005] ACPI: Added _OSI(3.0 _SCP Extensions)
[    0.368004] ACPI: Added _OSI(Processor Aggregator Device)
[    0.372008] ACPI: Added _OSI(Linux-Dell-Video)
[    0.376010] ACPI: Added _OSI(Linux-Lenovo-NV-HDMI-Audio)
[    0.380010] ACPI: Added _OSI(Linux-HPI-Hybrid-Graphics)
[    0.384876] ACPI: Executed 1 blocks of module-level executable AML code
[    0.397916] ACPI: Interpreter enabled
[    0.400027] ACPI: (supports S0 S5)
[    0.404007] ACPI: Using IOAPIC for interrupt routing
[    0.408533] PCI: Using host bridge windows from ACPI; if necessary, use "pci=nocrs" and report a bug
[    0.412380] ACPI: Enabled 2 GPEs in block 00 to 07
[    0.433616] ACPI: PCI Root Bridge [PCI0] (domain 0000 [bus 00-ff])
[    0.436020] acpi PNP0A03:00: _OSC: OS supports [ASPM ClockPM Segments MSI]
[    0.441007] acpi PNP0A03:00: _OSC: not requesting OS control; OS requires [ExtendedConfig ASPM ClockPM MSI]
[    0.444027] acpi PNP0A03:00: fail to add MMCONFIG information, can't access extended PCI configuration space under this bridge.
[    0.453257] PCI host bridge to bus 0000:00
[    0.456019] pci_bus 0000:00: root bus resource [io  0x0000-0x0cf7 window]
[    0.460012] pci_bus 0000:00: root bus resource [io  0x0d00-0xffff window]
[    0.464011] pci_bus 0000:00: root bus resource [mem 0x000a0000-0x000bffff window]
[    0.468014] pci_bus 0000:00: root bus resource [mem 0x40000000-0xfdffffff window]
[    0.472014] pci_bus 0000:00: root bus resource [bus 00-ff]
[    0.488339] pci 0000:00:01.1: legacy IDE quirk: reg 0x10: [io  0x01f0-0x01f7]
[    0.492012] pci 0000:00:01.1: legacy IDE quirk: reg 0x14: [io  0x03f6]
[    0.496007] pci 0000:00:01.1: legacy IDE quirk: reg 0x18: [io  0x0170-0x0177]
[    0.500009] pci 0000:00:01.1: legacy IDE quirk: reg 0x1c: [io  0x0376]
[    0.574192] pci 0000:00:07.0: quirk: [io  0x4000-0x403f] claimed by PIIX4 ACPI
[    0.576050] pci 0000:00:07.0: quirk: [io  0x4100-0x410f] claimed by PIIX4 SMB
[    0.606001] ACPI: PCI Interrupt Link [LNKA] (IRQs 5 9 10 *11)
[    0.609462] ACPI: PCI Interrupt Link [LNKB] (IRQs 5 9 *10 11)
[    0.612346] ACPI: PCI Interrupt Link [LNKC] (IRQs 5 *9 10 11)
[    0.616276] ACPI: PCI Interrupt Link [LNKD] (IRQs 5 9 10 *11)
[    0.620652] SCSI subsystem initialized
[    0.624146] pci 0000:00:02.0: vgaarb: setting as boot VGA device
[    0.628000] pci 0000:00:02.0: vgaarb: VGA device added: decodes=io+mem,owns=io+mem,locks=none
[    0.628085] pci 0000:00:02.0: vgaarb: bridge control possible
[    0.632006] vgaarb: loaded
[    0.636084] ACPI: bus type USB registered
[    0.640032] usbcore: registered new interface driver usbfs
[    0.644049] usbcore: registered new interface driver hub
[    0.648022] usbcore: registered new device driver usb
[    0.656083] EDAC MC: Ver: 3.0.0
[    0.661177] PCI: Using ACPI for IRQ routing
[    0.664917] NetLabel: Initializing
[    0.668007] NetLabel:  domain hash size = 128
[    0.672003] NetLabel:  protocols = UNLABELED CIPSOv4 CALIPSO
[    0.676031] NetLabel:  unlabeled traffic allowed by default
[    0.680131] clocksource: Switched to clocksource kvm-clock
[    0.716687] VFS: Disk quotas dquot_6.6.0
[    0.720893] VFS: Dquot-cache hash table entries: 512 (order 0, 4096 bytes)
[    0.730121] AppArmor: AppArmor Filesystem Enabled
[    0.737445] pnp: PnP ACPI init
[    0.745042] pnp: PnP ACPI: found 3 devices
[    0.776718] clocksource: acpi_pm: mask: 0xffffff max_cycles: 0xffffff, max_idle_ns: 2085701024 ns
[    0.785709] NET: Registered protocol family 2
[    0.791043] IP idents hash table entries: 16384 (order: 5, 131072 bytes)
[    0.797602] TCP established hash table entries: 8192 (order: 4, 65536 bytes)
[    0.804522] TCP bind hash table entries: 8192 (order: 5, 131072 bytes)
[    0.810259] TCP: Hash tables configured (established 8192 bind 8192)
[    0.816421] UDP hash table entries: 512 (order: 2, 16384 bytes)
[    0.822781] UDP-Lite hash table entries: 512 (order: 2, 16384 bytes)
[    0.828862] NET: Registered protocol family 1
[    0.833680] pci 0000:00:00.0: Limiting direct PCI/PCI transfers
[    0.840290] pci 0000:00:01.0: Activating ISA DMA hang workarounds
[    0.848595] pci 0000:00:02.0: Video device with shadowed ROM at [mem 0x000c0000-0x000dffff]
[    0.859226] Unpacking initramfs...
[    1.704389] Freeing initrd memory: 19532K
[    1.708852] clocksource: tsc: mask: 0xffffffffffffffff max_cycles: 0x2130968009c, max_idle_ns: 440795298880 ns
[    1.720192] platform rtc_cmos: registered platform RTC device (no PNP device found)
[    1.732814] Scanning for low memory corruption every 60 seconds
[    1.738886] Initialise system trusted keyrings
[    1.748666] Key type blacklist registered
[    1.752600] workingset: timestamp_bits=36 max_order=18 bucket_order=0
[    1.760730] zbud: loaded
[    1.766132] squashfs: version 4.0 (2009/01/31) Phillip Lougher
[    1.771729] fuse init (API version 7.26)
[    1.789381] Key type asymmetric registered
[    1.799018] Asymmetric key parser 'x509' registered
[    1.803119] Block layer SCSI generic (bsg) driver version 0.4 loaded (major 246)
[    1.813618] io scheduler noop registered
[    1.818302] io scheduler deadline registered
[    1.822075] io scheduler cfq registered (default)
[    1.832122] ACPI: AC Adapter [AC] (off-line)
[    1.836160] input: Power Button as /devices/LNXSYSTM:00/LNXPWRBN:00/input/input0
[    1.846788] ACPI: Power Button [PWRF]
[    1.851687] input: Sleep Button as /devices/LNXSYSTM:00/LNXSLPBN:00/input/input1
[    1.858103] ACPI: Sleep Button [SLPF]
[    1.868459] ACPI: Battery Slot [BAT0] (battery present)
[    1.873371] Serial: 8250/16550 driver, 32 ports, IRQ sharing enabled
[    1.912978] 00:02: ttyS0 at I/O 0x3f8 (irq = 4, base_baud = 115200) is a 16550A
[    1.935442] Linux agpgart interface v0.103
[    1.945233] loop: module loaded
[    1.950552] scsi host0: ata_piix
[    1.954008] scsi host1: ata_piix
[    1.958475] ata1: PATA max UDMA/33 cmd 0x1f0 ctl 0x3f6 bmdma 0xd000 irq 14
[    1.966505] ata2: PATA max UDMA/33 cmd 0x170 ctl 0x376 bmdma 0xd008 irq 15
[    1.972697] tun: Universal TUN/TAP device driver, 1.6
[    1.982181] PPP generic driver version 2.4.2
[    1.986241] ehci_hcd: USB 2.0 'Enhanced' Host Controller (EHCI) Driver
[    1.992585] ehci-pci: EHCI PCI platform driver
[    1.997050] ehci-platform: EHCI generic platform driver
[    2.001715] ohci_hcd: USB 1.1 'Open' Host Controller (OHCI) Driver
[    2.007671] ohci-pci: OHCI PCI platform driver
[    2.011458] ohci-platform: OHCI generic platform driver
[    2.016561] uhci_hcd: USB Universal Host Controller Interface driver
[    2.022953] i8042: PNP: PS/2 Controller [PNP0303:PS2K,PNP0f03:PS2M] at 0x60,0x64 irq 1,12
[    2.033593] serio: i8042 KBD port at 0x60,0x64 irq 1
[    2.040960] serio: i8042 AUX port at 0x60,0x64 irq 12
[    2.046646] mousedev: PS/2 mouse device common for all mice
[    2.056939] input: AT Translated Set 2 keyboard as /devices/platform/i8042/serio0/input/input2
[    2.061385] rtc_cmos rtc_cmos: rtc core: registered rtc_cmos as rtc0
[    2.076290] rtc_cmos rtc_cmos: alarms up to one day, 114 bytes nvram
[    2.086109] i2c /dev entries driver
[    2.090473] device-mapper: uevent: version 1.0.3
[    2.096969] device-mapper: ioctl: 4.37.0-ioctl (2017-09-20) initialised: dm-devel@redhat.com
[    2.105271] ledtrig-cpu: registered to indicate activity on CPUs
[    2.114728] NET: Registered protocol family 10
[    2.129705] Segment Routing with IPv6
[    2.133688] NET: Registered protocol family 17
[    2.176481] Key type dns_resolver registered
[    2.212801] mce: Using 0 MCE banks
[    2.216353] RAS: Correctable Errors collector initialized.
[    2.216771] sched_clock: Marking stable (2212771101, 0)->(3206477219, -993706118)
[    2.235502] registered taskstats version 1
[    2.239525] Loading compiled-in X.509 certificates
[    2.251855] Loaded X.509 cert 'Build time autogenerated kernel key: 9c4811ffd453f4b0c13447eb15d717d926dfaff5'
[    2.263361] Loaded X.509 cert 'Canonical Ltd. Live Patch Signing: 14df34d1a87cf37625abec039ef2bf521249b969'
[    2.274073] Loaded X.509 cert 'Canonical Ltd. Kernel Module Signing: 88f752e560a1e0737e31163a466ad7b70a850c19'
[    2.286084] blacklist: Loading compiled-in revocation X.509 certificates
[    2.294459] Loaded X.509 cert 'Canonical Ltd. Secure Boot Signing: 61482aa2830d0ab2ad5af10b7250da9033ddcef0'
[    2.304149] zswap: loaded using pool lzo/zbud
[    2.320466] Key type big_key registered
[    2.324985] Key type trusted registered
[    2.335081] Key type encrypted registered
[    2.339968] AppArmor: AppArmor sha1 policy hashing enabled
[    2.346913] ima: No TPM chip found, activating TPM-bypass! (rc=-19)
[    2.353441] ima: Allocated hash algorithm: sha1
[    2.357841] evm: HMAC attrs: 0x1
[    2.363683]   Magic number: 7:844:606
[    2.371196] rtc_cmos rtc_cmos: setting system clock to 2023-01-04 00:37:25 UTC (1672792645)
[    2.382024] BIOS EDD facility v0.16 2004-Jun-25, 0 devices found
[    2.388302] EDD information not available.
[    2.398587] Freeing unused kernel image memory: 2468K
[    2.424714] Write protecting the kernel read-only data: 20480k
[    2.433301] Freeing unused kernel image memory: 2008K
[    2.438667] Freeing unused kernel image memory: 1820K
[    2.455233] x86/mm: Checked W+X mappings: passed, no W+X pages found.
[    2.472239] x86/mm: Checking user space page tables
[    2.503150] x86/mm: Checked W+X mappings: passed, no W+X pages found.
Loading, please wait...
starting version 237
[    2.691438] e1000: Intel(R) PRO/1000 Network Driver - version 7.3.21-k8-NAPI
[    2.720287] e1000: Copyright (c) 1999-2006 Intel Corporation.
[    2.784989] Fusion MPT base driver 3.04.20
[    2.789900] Copyright (c) 1999-2008 LSI Corporation
[    2.810714] Fusion MPT SPI Host driver 3.04.20
[    2.819685] AVX2 version of gcm_enc/dec engaged.
[    2.824664] AES CTR mode by8 optimization enabled
[    3.024749] input: ImExPS/2 Generic Explorer Mouse as /devices/platform/i8042/serio1/input/input4
[    3.408290] e1000 0000:00:03.0 eth0: (PCI:33MHz:32-bit) 02:d7:28:fc:8d:bd
[    3.413767] e1000 0000:00:03.0 eth0: Intel(R) PRO/1000 Network Connection
[    3.421432] mptbase: ioc0: Initiating bringup
[    3.534427] ioc0: LSI53C1030 A0: Capabilities={Initiator}
[    3.786798] scsi host2: ioc0: LSI53C1030 A0, FwRev=00000000h, Ports=1, MaxQ=256, IRQ=20
[    3.965178] scsi 2:0:0:0: Direct-Access     VBOX     HARDDISK         1.0  PQ: 0 ANSI: 5
[    4.022462] scsi target2:0:0: Beginning Domain Validation
[    4.035012] scsi target2:0:0: Domain Validation skipping write tests
[    4.042253] scsi target2:0:0: Ending Domain Validation
[    4.048091] scsi target2:0:0: asynchronous
[    4.053952] random: fast init done
[    4.058246] scsi 2:0:1:0: Direct-Access     VBOX     HARDDISK         1.0  PQ: 0 ANSI: 5
[    4.477426] scsi target2:0:1: Beginning Domain Validation
[    4.486014] scsi target2:0:1: Domain Validation skipping write tests
[    4.491096] scsi target2:0:1: Ending Domain Validation
[    4.496061] scsi target2:0:1: asynchronous
[    4.510220] sd 2:0:0:0: Attached scsi generic sg0 type 0
[    4.515504] sd 2:0:1:0: Attached scsi generic sg1 type 0
[    4.521761] sd 2:0:0:0: [sda] 83886080 512-byte logical blocks: (42.9 GB/40.0 GiB)
[    4.523208] random: systemd-udevd: uninitialized urandom read (16 bytes read)
[    4.529207] sd 2:0:0:0: [sda] Write Protect is off
[    4.536352] random: systemd-udevd: uninitialized urandom read (16 bytes read)
[    4.548929] sd 2:0:0:0: [sda] Incomplete mode parameter data
[    4.554307] sd 2:0:0:0: [sda] Assuming drive cache: write through
[    4.561596] sd 2:0:1:0: [sdb] 20480 512-byte logical blocks: (10.5 MB/10.0 MiB)
[    4.561748] random: systemd-udevd: uninitialized urandom read (16 bytes read)
[    4.569442] e1000 0000:00:08.0 eth1: (PCI:33MHz:32-bit) 08:00:27:3d:b0:88
[    4.585681]  sda: sda1
[    4.588938] e1000 0000:00:08.0 eth1: Intel(R) PRO/1000 Network Connection
[    4.593924] sd 2:0:0:0: [sda] Attached SCSI disk
[    4.598710] sd 2:0:1:0: [sdb] Write Protect is off
[    4.611642] sd 2:0:1:0: [sdb] Incomplete mode parameter data
[    4.617973] sd 2:0:1:0: [sdb] Assuming drive cache: write through
[    4.631199] sd 2:0:1:0: [sdb] Attached SCSI disk
[    4.638091] e1000 0000:00:08.0 enp0s8: renamed from eth1
[    4.664582] e1000 0000:00:03.0 enp0s3: renamed from eth0
Begin: Loading essential drivers ... [    7.172701] raid6: sse2x1   gen()  8550 MB/s
[    7.224649] raid6: sse2x1   xor()  5725 MB/s
[    7.276152] raid6: sse2x2   gen()  7081 MB/s
[    7.328149] raid6: sse2x2   xor()  4170 MB/s
[    7.385366] raid6: sse2x4   gen() 10113 MB/s
[    7.436843] raid6: sse2x4   xor()  7799 MB/s
[    7.488799] raid6: avx2x1   gen() 17036 MB/s
[    7.540626] raid6: avx2x1   xor() 11787 MB/s
[    7.592618] raid6: avx2x2   gen() 20156 MB/s
[    7.644409] raid6: avx2x2   xor() 12990 MB/s
[    7.697094] raid6: avx2x4   gen() 24295 MB/s
[    7.749078] raid6: avx2x4   xor() 14997 MB/s
[    7.753015] raid6: using algorithm avx2x4 gen() 24295 MB/s
[    7.757592] raid6: .... xor() 14997 MB/s, rmw enabled
[    7.761883] raid6: using avx2x2 recovery algorithm
[    7.769025] xor: automatically using best checksumming function   avx       
[    7.776735] async_tx: api initialized (async)
done.
Begin: Running /scripts/init-premount ... done.
Begin: Mounting root file system ... Begin: Running /scripts/local-top ... done.
Begin: Running /scripts/local-premount ... [    7.855813] Btrfs loaded, crc32c=crc32c-intel
Scanning for Btrfs filesystems
done.
Warning: fsck not present, so skipping root file system
[    7.919774] EXT4-fs (sda1): mounted filesystem with ordered data mode. Opts: (null)
done.
Begin: Running /scripts/local-bottom ... done.
Begin: Running /scripts/init-bottom ... done.
[    8.198692] ip_tables: (C) 2000-2006 Netfilter Core Team
[    8.218640] systemd[1]: systemd 237 running in system mode. (+PAM +AUDIT +SELINUX +IMA +APPARMOR +SMACK +SYSVINIT +UTMP +LIBCRYPTSETUP +GCRYPT +GNUTLS +ACL +XZ +LZ4 +SECCOMP +BLKID +ELFUTILS +KMOD -IDN2 +IDN -PCRE2 default-hierarchy=hybrid)
[    8.237396] systemd[1]: Detected virtualization oracle.
[    8.243021] systemd[1]: Detected architecture x86-64.

Welcome to [1mUbuntu 18.04.6 LTS[0m!

[    8.268225] systemd[1]: Set hostname to <ubuntu>.
[    8.280399] systemd[1]: Initializing machine ID from random generator.
[    8.285714] systemd[1]: Installed transient /etc/machine-id file.
[    8.716257] systemd[1]: Reached target User and Group Name Lookups.
[[0;32m  OK  [0m] Reached target User and Group Name Lookups.
[    8.724385] systemd[1]: Set up automount Arbitrary Executable File Formats File System Automount Point.
[[0;32m  OK  [0m] Set up automount Arbitrary Executab…rmats File System Automount Point.
[    8.742455] systemd[1]: Created slice System Slice.
[[0;32m  OK  [0m] Created slice System Slice.
[    8.749237] systemd[1]: Listening on Device-mapper event daemon FIFOs.
[[0;32m  OK  [0m] Listening on Device-mapper event daemon FIFOs.
[[0;32m  OK  [0m] Listening on Syslog Socket.
[[0;32m  OK  [0m] Listening on /dev/initctl Compatibility Named Pipe.
[[0;32m  OK  [0m] Listening on Journal Socket (/dev/log).
[[0;32m  OK  [0m] Created slice system-serial\x2dgetty.slice.
[[0;32m  OK  [0m] Listening on LVM2 metadata daemon socket.
[[0;32m  OK  [0m] Listening on udev Control Socket.
[[0;32m  OK  [0m] Listening on LVM2 poll daemon socket.
[[0;32m  OK  [0m] Listening on fsck to fsckd communication Socket.
[[0;32m  OK  [0m] Started Forward Password Requests to Wall Directory Watch.
[[0;32m  OK  [0m] Reached target Swap.
[[0;32m  OK  [0m] Listening on Journal Audit Socket.
[[0;32m  OK  [0m] Created slice User and Session Slice.
[[0;32m  OK  [0m] Reached target Slices.
[[0;32m  OK  [0m] Listening on Network Service Netlink Socket.
[[0;32m  OK  [0m] Reached target System Time Synchronized.
[[0;32m  OK  [0m] Listening on Journal Socket.
         Starting Create list of required st…ce nodes for the current kernel...
         Starting Uncomplicated firewall...
         Starting Set the console keyboard layout...
         Mounting POSIX Message Queue File System...
         Starting File System Check on Root Device...
         Mounting Kernel Debug File System...
         Starting Load Kernel Modules...
         Starting Monitoring of LVM2 mirrors…ng dmeventd or progress polling...
         Mounting Huge Pages File System...
         Starting Journal Service...
[[0;32m  OK  [0m] Listening on udev Kernel Socket.
         Starting udev Coldplug all Devices...
[[0;32m  OK  [0m] Started Create list of required sta…vice nodes for the current kernel.
[[0;32m  OK  [0m] Started Uncompli[    8.892529] Loading iSCSI transport class v2.0-870.
cated firewall.
[[0;32m  OK  [0m] Mounted POSIX Message Queue File System.
[[0;32m  OK  [0m] Mounted Kernel Debug File System.
[[0;32m  OK  [0m] Mounted Huge Pages File System.
[[0;32m  OK  [0m] Started File System Check Daemon to report status.
         Starting Create Static Device Nodes in /dev...
[[0;32m  OK  [0m] Started File System Check on Root Device.
         Starting Remount Root and Kernel File Systems...
[[0;32m  OK  [0m] Started Journal Service.
[    8.990857] iscsi: registered transport (tcp)
[    9.022482] iscsi: registered transport (iser)
[[0;32m  OK  [0m] Started Load Kernel Modules.
         Starting Apply Kernel Variables...
         Mounting Kernel Configuration File System...
         Mounting FUSE Control File System...
[[0;32m  OK  [0m] Mounted Kernel Configuration File System.
[[0;32m  OK  [0m] Started udev Coldplug all Devices.
[[0;32m  OK  [0m] Mounted FUSE Control File System.
[[0;32m  OK  [0m] Started LVM2 metadata daemon.
[[0;32m  OK  [0m] Started Create Static Device Nodes in /dev.
[[0;32m  OK  [0m] Started Remount Root and Kernel File Systems.
         Starting udev Kernel Device Manager...
         Starting Load/Save Random Seed...
         Starting Flush Journal to Persistent Storage...
[[0;32m  OK  [0m] Started Apply Kernel Variables.
[[0;32m  OK  [0m] Started Monitoring of LVM2 mirrors,…sing dmeventd or progress polling.
[[0;32m  OK  [0m] Started Load/Save Random Seed.
[[0;32m  OK  [0m] Started udev Kernel Device Manager.
[[0;32m  OK  [0m] Started Flush Journal to Persistent Storage.
[[0;32m  OK  [0m] Found device /dev/ttyS0.
[[0;32m  OK  [0m] Listening on Load/Save RF Kill Switch Status /dev/rfkill Watch.
[[0;32m  OK  [0m] Started Set the console keyboard layout.
[[0;32m  OK  [0m] Reached target Local File Systems (Pre).
[[0;32m  OK  [0m] Reached target Local File Systems.
         Starting Tell Plymouth To Write Out Runtime Data...
         Starting Set console font and keymap...
         Starting Create Volatile Files and Directories...
         Starting ebtables ruleset management...
         Starting Commit a transient machine-id on disk...
         Starting AppArmor initialization...
[[0;32m  OK  [0m] Started Dispatch Password Requests to Console Directory Watch.
[[0;32m  OK  [0m] Reached target Local Encrypted Volumes.
[[0;32m  OK  [0m] Started Tell Plymouth To Write Out Runtime Data.
[[0;32m  OK  [0m] Started Create Volatile Files and Directories.
         Starting Update UTMP about System Boot/Shutdown...
[[0;32m  OK  [0m] Started Update UTMP about System Boot/Shutdown.
[[0;32m  OK  [0m] Started Commit a transient machine-id on disk.
[[0;32m  OK  [0m] Started ebtables ruleset management.
[[0;32m  OK  [0m] Started AppArmor initialization.
         Starting Initial cloud-init job (pre-networking)...
         Starting Load AppArmor profiles managed internally by snapd...
[[0;32m  OK  [0m] Started Load AppArmor profiles managed internally by snapd.
[[0;32m  OK  [0m] Started Set console font and keymap.
[   15.075780] cloud-init[837]: Cloud-init v. 22.2-0ubuntu1~18.04.3 running 'init-local' at Wed, 04 Jan 2023 00:37:37 +0000. Up 14.48 seconds.
[[0;32m  OK  [0m] Started Initial cloud-init job (pre-networking).
[[0;32m  OK  [0m] Reached target Network (Pre).
         Starting Network Service...
[[0;32m  OK  [0m] Started Network Service.
         Starting Network Name Resolution...
         Starting Wait for Network to be Configured...
[[0;32m  OK  [0m] Started Network Name Resolution.
[[0;32m  OK  [0m] Reached target Network.
[[0;32m  OK  [0m] Reached target Host and Network Name Lookups.
[[0;32m  OK  [0m] Started Wait for Network to be Configured.
         Starting Initial cloud-init job (metadata service crawler)...
[   17.299314] cloud-init[984]: Cloud-init v. 22.2-0ubuntu1~18.04.3 running 'init' at Wed, 04 Jan 2023 00:37:40 +0000. Up 17.01 seconds.
[   17.304019] cloud-init[984]: ci-info: ++++++++++++++++++++++++++++++++++++++Net device info+++++++++++++++++++++++++++++++++++++++
[   17.309283] cloud-init[984]: ci-info: +--------+-------+----------------------------+---------------+--------+-------------------+
[   17.313843] cloud-init[984]: ci-info: | Device |   Up  |          Address           |      Mask     | Scope  |     Hw-Address    |
[   17.318597] cloud-init[984]: ci-info: +--------+-------+----------------------------+---------------+--------+-------------------+
[   17.323799] cloud-init[984]: ci-info: | enp0s3 |  True |         10.0.2.15          | 255.255.255.0 | global | 02:d7:28:fc:8d:bd |
[   17.330382] cloud-init[984]: ci-info: | enp0s3 |  True | fe80::d7:28ff:fefc:8dbd/64 |       .       |  link  | 02:d7:28:fc:8d:bd |
[   17.335644] cloud-init[984]: ci-info: | enp0s8 | False |             .              |       .       |   .    | 08:00:27:3d:b0:88 |
[   17.340752] cloud-init[984]: ci-info: |   lo   |  True |         127.0.0.1          |   255.0.0.0   |  host  |         .         |
[   17.345399] cloud-init[984]: ci-info: |   lo   |  True |          ::1/128           |       .       |  host  |         .         |
[   17.350483] cloud-init[984]: ci-info: +--------+-------+----------------------------+---------------+--------+-------------------+
[   17.355544] cloud-init[984]: ci-info: ++++++++++++++++++++++++++++Route IPv4 info+++++++++++++++++++++++++++++
[   17.359650] cloud-init[984]: ci-info: +-------+-------------+----------+-----------------+-----------+-------+
[   17.363303] cloud-init[984]: ci-info: | Route | Destination | Gateway  |     Genmask     | Interface | Flags |
[   17.366940] cloud-init[984]: ci-info: +-------+-------------+----------+-----------------+-----------+-------+
[   17.370893] cloud-init[984]: ci-info: |   0   |   0.0.0.0   | 10.0.2.2 |     0.0.0.0     |   enp0s3  |   UG  |
[   17.374904] cloud-init[984]: ci-info: |   1   |   10.0.2.0  | 0.0.0.0  |  255.255.255.0  |   enp0s3  |   U   |
[   17.378974] cloud-init[984]: ci-info: |   2   |   10.0.2.2  | 0.0.0.0  | 255.255.255.255 |   enp0s3  |   UH  |
[   17.382488] cloud-init[984]: ci-info: +-------+-------------+----------+-----------------+-----------+-------+
[   17.385976] cloud-init[984]: ci-info: +++++++++++++++++++Route IPv6 info+++++++++++++++++++
[   17.388980] cloud-init[984]: ci-info: +-------+-------------+---------+-----------+-------+
[   17.392447] cloud-init[984]: ci-info: | Route | Destination | Gateway | Interface | Flags |
[   17.402558] cloud-init[984]: ci-info: +-------+-------------+---------+-----------+-------+
[   17.406413] cloud-init[984]: ci-info: |   1   |  fe80::/64  |    ::   |   enp0s3  |   U   |
[   17.410951] cloud-init[984]: ci-info: |   3   |    local    |    ::   |   enp0s3  |   U   |
[   17.416412] cloud-init[984]: ci-info: |   4   |   ff00::/8  |    ::   |   enp0s3  |   U   |
[   17.422125] cloud-init[984]: ci-info: +-------+-------------+---------+-----------+-------+
[   18.732260] cloud-init[984]: Generating public/private rsa key pair.
[   18.744343] cloud-init[984]: Your identification has been saved in /etc/ssh/ssh_host_rsa_key.
[   18.760656] cloud-init[984]: Your public key has been saved in /etc/ssh/ssh_host_rsa_key.pub.
[   18.766196] cloud-init[984]: The key fingerprint is:
[   18.785080] cloud-init[984]: SHA256:TRmaupCczMuJfc5uRW7EfRQMQ25PX4aMxNF1AT+ddBc root@ubuntu-bionic
[   18.796957] cloud-init[984]: The key's randomart image is:
[   18.809263] cloud-init[984]: +---[RSA 2048]----+
[[0;32m  OK  [0m] Started Initial cloud-init job (metadata service crawler).
[   18.831840] cloud-init[984]: |         .=++=.EB|
[   18.835296] cloud-init[984]: |         + =+o+.*|
[[0;32m  OK  [0m] Reached target System Initialization.
[   18.840598] cloud-init         Starting LXD - unix socket.
[[0;32m  OK  [0m] Listening on UUID daemon activation socket.
         Starting Socket activation for snappy daemon.
[[0;32m  OK  [0m] Started Ubuntu Advantage Timer for running repeated jobs.[984]: |       .o.=.o o++|
[   18.874117] cloud-init[984]: |   + o .++.o.. o.|
[[0;32m  OK  [0m] Listening on D-Bus System Message Bus Socket.
[[0;32m  OK  [0m] Started Discard unused blocks once a week.
[[0;32m  OK  [0m] Started Message of the Day.
[[0;32m  OK  [0m] Listening on ACPID Listen Socket.
[   18.912284] cloud-init[984]: |    B .+S ... .  |
[[0;32m  OK  [0m] Listening on Open-iSCSI iscsid Socket.

[   18.928743] cloud-init[984]: |   + + .+        |
[   18.936533] cloud-init[984]: |  . = oo         |
[   18.944306] [[0;32m  OK  [0m] Listening on cloud-init hotplug hook socket.
cloud-init[984]: |     +.          |
[   18.958033] cloud-init[984]: |     o+          |
[   18.962660] cloud-init[984]: +----[SHA256]-----+
[[   18.967502] cloud-init[984]: Generating public/private dsa key pair.
[   18.968254] cloud-init[984]: Your identification has been saved in /etc/ssh/ssh_host_dsa_key.
[   18.970505] cloud-init[984]: Your public key has been saved in /etc/ssh/ssh_host_dsa_key.pub.
[   18.973497] cloud-init[984]: The key fingerprint is:
[   18.976832] cloud-init[984]: SHA256:QwNihJHAHinFt71B8DSgy8Kfy3XZosqgD6bN1BJmb5o root@ubuntu-bionic
[   18.977805] cloud-init[984]: The key's randomart image is:
[   18.978266] cloud-init[984]: +---[DSA 1024]----+
[   18.978496] cloud-init[984]: |o++=*o+          |
[   18.979314] cloud-init[984]: |.++o.+.o         |
[   18.980095] cloud-init[984]: |o o. +. o        |
[   18.980804] cloud-init[984]: |.o .. o. .       |
[0;32m  OK  [0m] Started Daily apt download activities.
[   18.981239] cloud-init[984]: |..*    oS        |
[   19.009207] cloud-init[984]: | +.+. . o.       |
[[   19.011654] cloud-init[984]: |.ooo+. + .       |
[   19.012259] cloud-init[984]: |+=+=o o .        |
[   19.012738] cloud-init[984]: |o.E=..           |
[   19.013220] cloud-init[984]: +----[SHA256]-----+
[   19.013725] cloud-init[984]: Generating public/private ecdsa key pair.
[   19.014220] cloud-init[984]: Your identification has been saved in /etc/ssh/ssh_host_ecdsa_key.
[   19.014710] cloud-init[984]: Your public key has been saved in /etc/ssh/ssh_host_ecdsa_key.pub.
[   19.015174] cloud-init[984]: The key fingerprint is:
[0;32m  OK  [0m] Started Daily Cleanup of Temporary Directories.
[   19.015648] cloud-init[984]: SHA256:zE/6wbVxQr9aBAm3c8TgVOUbO2GgnoqBjc0Jeql9tyM root@ubuntu-bionic
[[   19.049186] [0;32m  OK  [0mcloud-init] [984]: Started ACPI Events Check.The key's randomart image is:

[   19.049425] cloud-init[984]: +---[ECDSA 256]---+
[   19.052979] cloud-init[984]: |          . +=o..|
[[0;32m  OK  [0m] Reached target Paths.
[   19.053516] cloud-init[984]: |           =.+o. |
[[   19.073482] [0;32m  OK  [0mcloud-init] [984]: Started Daily apt upgrade and clean activities.|     .     .B .+.|

[[   19.079473] cloud-init[984]: |    . Oo. ...=. =|
[   19.080560] cloud-init[984]: |   . = *S .o+ ++ |
[   19.083098] cloud-init[984]: |    +   o=.. * ..|
[   19.084797] cloud-init[984]: |   . . o.o+ . o  |
[   19.085511] cloud-init[984]: |      .E.o.. o   |
[   19.086588] cloud-init[984]: |        ..o .    |
[   19.087142] cloud-init[984]: +----[SHA256]-----+
[   19.088830] cloud-init[984]: Generating public/private ed25519 key pair.
[   19.089192] cloud-init[984]: Your identification has been saved in /etc/ssh/ssh_host_ed25519_key.
[   19.090521] cloud-init[984]: Your public key has been saved in /etc/ssh/ssh_host_ed25519_key.pub.
[   19.092674] cloud-init[984]: The key fingerprint is:
[   19.094065] cloud-init[984]: SHA256:Ae4TdizpZ6ou8zCTDpINW/yjRa6Y2ZDdoylQMHHzXDM root@ubuntu-bionic
[   19.094960] cloud-init[984]: The key's randomart image is:
[   19.095105] cloud-init[984]: +--[ED25519 256]--+
[   19.096846] cloud-init[984]: |..o   E          |
[   19.097890] cloud-init[984]: |o. + o *         |
[   19.099490] cloud-init[984]: | o  o * +        |
[   19.100688] cloud-init[984]: | ..  + + .       |
[   19.101282] cloud-init[984]: |..o . + S        |
[0;32m  OK  [0m] Reached target Timers.
[[   19.101737] cloud-init[984]: |.O *   =         |
[   19.130304] cloud-init[984]: |O B B .          |
[0;32m  OK  [0m] Reached target Cloud-config availability.
[[   19.130697] [0;32m  OK  [0mcloud-init] [984]: Reached target Network is Online.|oOoX +           |

         Starting Availability of block devices...
[[0;32m  OK  [0m] Reached target Remote File Systems (Pre).
[[0;32m  OK  [0m] Reached target Remote File Systems.
[   19.155119] cloud-init[984]: |+.B=+            |
[   19.168895] [cloud-init[0;32m  OK  [0m[984]: ] +----[SHA256]-----+Listening on LXD - unix socket.

[[0;32m  OK  [0m] Listening on Socket activation for snappy daemon.
[[0;32m  OK  [0m] Started Availability of block devices.
[[0;32m  OK  [0m] Reached target Sockets.
[[0;32m  OK  [0m] Reached target Basic System.
[[0;32m  OK  [0m] Started FUSE filesystem for LXC.
[[0;32m  OK  [0m] Started Regular background program processing daemon.
         Starting LSB: automatic crash report generation...
[[0;32m  OK  [0m] Started Deferred execution scheduler.
         Starting Login Service...
         Starting System Logging Service...
         Starting Permit User Sessions...
         Starting Accounts Service...
         Starting LSB: Record successful boot for GRUB...
         Starting Pollinate to seed the pseudo random number generator...
         Starting Virtualbox guest utils...
[[0;32m  OK  [0m] Started irqbalance daemon.
         Starting Snap Daemon...
[[0;32m  OK  [0m] Started D-Bus System Message Bus.
[[0;32m  OK  [0m] Started Login Service.
[[0;32m  OK  [0m] Started Unattended Upgrades Shutdown.
         Starting Dispatcher daemon for systemd-networkd...
         Starting LXD - container startup/shutdown...
[[0;32m  OK  [0m] Started System Logging Service.
[[0;32m  OK  [0m] Started Permit User Sessions.
         Starting Hold until boot process finishes up...
         Starting Terminate Plymouth Boot Screen...
[[0;32m  OK  [0m] Started Hold until boot process finishes up.
         Starting Set console scheme...
[[0;32m  OK  [0m] Started Serial Getty on ttyS0.
[[0;32m  OK  [0m] Started Terminate Plymouth Boot Screen.
[[0;32m  OK  [0m] Started LSB: automatic crash report generation.
[[0;32m  OK  [0m] Started Set console scheme.
[[0;32m  OK  [0m] Created slice system-getty.slice.
[[0;32m  OK  [0m] Started Getty on tty1.
[[0;32m  OK  [0m] Reached target Login Prompts.
         Starting Authorization Manager...
[[0;32m  OK  [0m] Started LSB: Record successful boot for GRUB.
[[0;32m  OK  [0m] Started Authorization Manager.
[[0;32m  OK  [0m] Started Accounts Service.
[[0;32m  OK  [0m] Started Virtualbox guest utils.
[[0;32m  OK  [0m] Started LXD - container startup/shutdown.
[[0;32m  OK  [0m] Started Dispatcher daemon for systemd-networkd.
[[0;32m  OK  [0m] Started Snap Daemon.
         Starting Wait until snapd is fully seeded...
         Starting Time & Date Service...
[[0;32m  OK  [0m] Started Time & Date Service.
[[0;32m  OK  [0m] Started Pollinate to seed the pseudo random number generator.
         Starting OpenBSD Secure Shell server...
[[0;32m  OK  [0m] Started OpenBSD Secure Shell server.
[[0;32m  OK  [0m] Created slice User Slice of vagrant.
         Starting User Manager for UID 1000...
[[0;32m  OK  [0m] Started Session 1 of user vagrant.
[[0;32m  OK  [0m] Started User Manager for UID 1000.
[[0;32m  OK  [0m] Started Wait until snapd is fully seeded.
         Starting Apply the settings specified in cloud-config...

Ubuntu 18.04.6 LTS ubuntu-bionic ttyS0

ubuntu-bionic login: [   26.586230] cloud-init[1595]: Cloud-init v. 22.2-0ubuntu1~18.04.3 running 'modules:config' at Wed, 04 Jan 2023 00:37:48 +0000. Up 25.12 seconds.
ci-info: no authorized SSH keys fingerprints found for user ubuntu.
<14>Jan  4 00:37:50 cloud-init: #############################################################
<14>Jan  4 00:37:50 cloud-init: -----BEGIN SSH HOST KEY FINGERPRINTS-----
<14>Jan  4 00:37:50 cloud-init: 1024 SHA256:QwNihJHAHinFt71B8DSgy8Kfy3XZosqgD6bN1BJmb5o root@ubuntu-bionic (DSA)
<14>Jan  4 00:37:50 cloud-init: 256 SHA256:zE/6wbVxQr9aBAm3c8TgVOUbO2GgnoqBjc0Jeql9tyM root@ubuntu-bionic (ECDSA)
<14>Jan  4 00:37:50 cloud-init: 256 SHA256:Ae4TdizpZ6ou8zCTDpINW/yjRa6Y2ZDdoylQMHHzXDM root@ubuntu-bionic (ED25519)
<14>Jan  4 00:37:50 cloud-init: 2048 SHA256:TRmaupCczMuJfc5uRW7EfRQMQ25PX4aMxNF1AT+ddBc root@ubuntu-bionic (RSA)
<14>Jan  4 00:37:50 cloud-init: -----END SSH HOST KEY FINGERPRINTS-----
<14>Jan  4 00:37:50 cloud-init: #############################################################
-----BEGIN SSH HOST KEY KEYS-----
ecdsa-sha2-nistp256 AAAAE2VjZHNhLXNoYTItbmlzdHAyNTYAAAAIbmlzdHAyNTYAAABBBGGiyhYt0XSsyYOlaUhmPHJ70/I0sVJGbTCr2JBU+GhHPHw3mUVaItuP7pve4PGUSRe77hKGzWLFaz5KV6Q/d0U= root@ubuntu-bionic
ssh-ed25519 AAAAC3NzaC1lZDI1NTE5AAAAIBmElTw5YhE3OD2Hy4kcn3u0K9i9K+4L6eNXfT6RwJJK root@ubuntu-bionic
ssh-rsa AAAAB3NzaC1yc2EAAAADAQABAAABAQDIfCGh+im0AKbC3/QvQF6r7ZxxX6hN00cieLnVOwMnpt68mZyU/qQyf0N7aXWeiOYTW2ajOIteLDn/JY19Mf/hWV2paO3SCoKQMJoQhmDeBWPwJhCrgn+1zPNU0UDwA3gsyIhb33OLguI9779zFkKkxAvsqbCRTSXjsouoFKnC2g3VO2NxCUnyVf9fAEoF86/tADsfuHjXkNZikdAjiU/50gdQEFzl+nBsIUBuNw2abQ0rheix8m0It+eAEJSiS0bwH7KYQHqeMmfD/eNrG85qZy/E7kYnY2WHy2DYeCyFPVHrvNKQt0wB5CPGdZEt/q8YvVeO9VB0vonLV98pUecv root@ubuntu-bionic
-----END SSH HOST KEY KEYS-----
[   27.869863] cloud-init[1724]: Cloud-init v. 22.2-0ubuntu1~18.04.3 running 'modules:final' at Wed, 04 Jan 2023 00:37:50 +0000. Up 27.53 seconds.
[   27.869953] cloud-init[1724]: Cloud-init v. 22.2-0ubuntu1~18.04.3 finished at Wed, 04 Jan 2023 00:37:50 +0000. Datasource DataSourceNoCloud [seed=/dev/sdb][dsmode=net].  Up 27.83 seconds
